<?xml version="1.0" encoding="UTF-8"?>
<!-- Generated by org.testng.reporters.JUnitReportReporter -->
<testsuite hostname="pc-194-210.customer.ask4.lan" failures="0" tests="1" name="NewEmployer.EditEmployerLocation" time="23.902" errors="0" timestamp="2023-03-09T13:44:08 GMT" skipped="0">
  <testcase classname="NewEmployer.EditEmployerLocation" name="testAddEmployerLocation" time="23.902"/>
  <system-out/>
</testsuite> <!-- NewEmployer.EditEmployerLocation -->
