<?xml version="1.0" encoding="UTF-8"?>
<!-- Generated by org.testng.reporters.JUnitReportReporter -->
<testsuite hostname="DELL210204" failures="0" tests="1" name="NewEmployer.AddJobMultiLocations" time="44.311" errors="0" timestamp="2023-03-28T08:55:38 BST" skipped="0">
  <testcase classname="NewEmployer.AddJobMultiLocations" name="testAddNewJob" time="44.311"/>
  <system-out/>
</testsuite> <!-- NewEmployer.AddJobMultiLocations -->
