<?xml version="1.0" encoding="UTF-8"?>
<!-- Generated by org.testng.reporters.JUnitReportReporter -->
<testsuite hostname="macs-MacBook-Pro.local" failures="0" tests="1" name="university.AddUWL" time="17.515" errors="0" timestamp="2022-10-27T12:05:18 BST" skipped="0">
  <testcase classname="university.AddUWL" name="testAddNewEvent" time="17.515"/>
  <system-out/>
</testsuite> <!-- university.AddUWL -->
