<?xml version="1.0" encoding="UTF-8"?>
<!-- Generated by org.testng.reporters.JUnitReportReporter -->
<testsuite hostname="DELL210204" failures="0" tests="1" name="newPackage.FSSStudentSearchTable" time="20.397" errors="0" timestamp="2023-04-13T10:40:33 BST" skipped="0">
  <testcase classname="newPackage.FSSStudentSearchTable" name="FSSStudentSearchTable" time="20.397"/>
  <system-out/>
</testsuite> <!-- newPackage.FSSStudentSearchTable -->
