<?xml version="1.0" encoding="UTF-8"?>
<!-- Generated by org.testng.reporters.JUnitReportReporter -->
<testsuite hostname="pc-194-210.customer.ask4.lan" failures="0" tests="1" name="students.StudentsFindRecommendations" time="23.712" errors="0" timestamp="2023-03-07T17:01:39 GMT" skipped="0">
  <testcase classname="students.StudentsFindRecommendations" name="testStudentsFindRecommendations" time="23.712"/>
  <system-out/>
</testsuite> <!-- students.StudentsFindRecommendations -->
