<?xml version="1.0" encoding="UTF-8"?>
<!-- Generated by org.testng.reporters.JUnitReportReporter -->
<testsuite hostname="macs-MacBook-Pro.local" failures="0" tests="1" name="NewEmployer.AddNewAnonymousJob" time="50.262" errors="0" timestamp="2022-10-07T15:56:45 BST" skipped="0">
  <testcase classname="NewEmployer.AddNewAnonymousJob" name="testAddNewAnonymousJob" time="50.262"/>
  <system-out/>
</testsuite> <!-- NewEmployer.AddNewAnonymousJob -->
