<?xml version="1.0" encoding="UTF-8"?>
<!-- Generated by org.testng.reporters.JUnitReportReporter -->
<testsuite hostname="DELL210204" failures="0" tests="1" name="studentSelfService.PayByBank2" time="59.137" errors="0" timestamp="2023-05-03T10:24:55 BST" skipped="0">
  <testcase classname="studentSelfService.PayByBank2" name="createTestAccount" time="59.137"/>
  <system-out/>
</testsuite> <!-- studentSelfService.PayByBank2 -->
