<?xml version="1.0" encoding="UTF-8"?>
<!-- Generated by org.testng.reporters.JUnitReportReporter -->
<testsuite hostname="DELL210204" failures="0" tests="1" name="facultySelfService.StudentSearchProfile" time="109.751" errors="0" timestamp="2023-05-10T09:43:34 BST" skipped="0">
  <testcase classname="facultySelfService.StudentSearchProfile" name="sasa" time="109.751"/>
  <system-out/>
</testsuite> <!-- facultySelfService.StudentSearchProfile -->
