<?xml version="1.0" encoding="UTF-8"?>
<!-- Generated by org.testng.reporters.JUnitReportReporter -->
<testsuite hostname="DELL210204" failures="0" tests="1" name="NewEmployer.AddEmployerLocation" time="33.231" errors="0" timestamp="2023-03-28T08:47:01 BST" skipped="0">
  <testcase classname="NewEmployer.AddEmployerLocation" name="testAddEmployerLocation" time="33.231"/>
  <system-out/>
</testsuite> <!-- NewEmployer.AddEmployerLocation -->
