<?xml version="1.0" encoding="UTF-8"?>
<!-- Generated by org.testng.reporters.JUnitReportReporter -->
<testsuite hostname="DELL210204" failures="0" tests="1" name="cRMRecruit.EmailChangeBannerIntegration" time="102.427" errors="0" timestamp="2023-05-11T14:46:30 BST" skipped="0">
  <testcase classname="cRMRecruit.EmailChangeBannerIntegration" name="changeemail" time="102.427"/>
  <system-out/>
</testsuite> <!-- cRMRecruit.EmailChangeBannerIntegration -->
