<?xml version="1.0" encoding="UTF-8"?>
<!-- Generated by org.testng.reporters.JUnitReportReporter -->
<testsuite hostname="pc-194-210.customer.ask4.lan" failures="0" tests="1" name="students.StudentsCreateVideoCV" time="32.664" errors="0" timestamp="2023-03-07T16:30:34 GMT" skipped="0">
  <testcase classname="students.StudentsCreateVideoCV" name="testLoginElements" time="32.664"/>
  <system-out/>
</testsuite> <!-- students.StudentsCreateVideoCV -->
