<?xml version="1.0" encoding="UTF-8"?>
<!-- Generated by org.testng.reporters.JUnitReportReporter -->
<testsuite hostname="DELL210204" failures="0" tests="1" name="newPackage.CreateTestAccount" time="158.142" errors="0" timestamp="2023-05-11T10:41:57 BST" skipped="0">
  <testcase classname="newPackage.CreateTestAccount" name="createTestAccount" time="158.142"/>
  <system-out/>
</testsuite> <!-- newPackage.CreateTestAccount -->
