<?xml version="1.0" encoding="UTF-8"?>
<!-- Generated by org.testng.reporters.JUnitReportReporter -->
<testsuite hostname="pc-194-210.customer.ask4.lan" failures="0" tests="1" name="students.StudentChangePersonalInfo" time="17.494" errors="0" timestamp="2023-03-09T13:44:08 GMT" skipped="0">
  <testcase classname="students.StudentChangePersonalInfo" name="testStudentChangePersonalInfo" time="17.494"/>
  <system-out/>
</testsuite> <!-- students.StudentChangePersonalInfo -->
