<?xml version="1.0" encoding="UTF-8"?>
<!-- Generated by org.testng.reporters.JUnitReportReporter -->
<testsuite hostname="DELL210204" failures="0" tests="1" name="cRMRecruit.CheckAccountCreatedCount" time="34.156" errors="0" timestamp="2023-05-15T12:54:58 BST" skipped="0">
  <testcase classname="cRMRecruit.CheckAccountCreatedCount" name="checkAccountCreatedCount" time="34.156"/>
  <system-out/>
</testsuite> <!-- cRMRecruit.CheckAccountCreatedCount -->
