<?xml version="1.0" encoding="UTF-8"?>
<!-- Generated by org.testng.reporters.JUnitReportReporter -->
<testsuite hostname="DELL210204" failures="0" tests="1" name="cRMRecruit.EmailChangeBannerIntegration" time="110.861" errors="0" timestamp="2023-05-15T09:44:58 BST" skipped="0">
  <testcase classname="cRMRecruit.EmailChangeBannerIntegration" name="changeemail" time="110.861"/>
  <system-out/>
</testsuite> <!-- cRMRecruit.EmailChangeBannerIntegration -->
